<?xml version="1.0" encoding="UTF-8"?>
<testsuite name="StringSortTest" tests="1" skipped="0" failures="0" errors="0" timestamp="2020-09-30T21:42:57" hostname="MacBook-Air" time="0.064">
  <properties/>
  <testcase name="sort()" classname="StringSortTest" time="0.064"/>
  <system-out><![CDATA[]]></system-out>
  <system-err><![CDATA[]]></system-err>
</testsuite>
